* using log directory ‘/tmp/Rtmpr5qHpr/ctmmweb.Rcheck’
* using R version 3.6.1 (2019-07-05)
* using platform: x86_64-pc-linux-gnu (64-bit)
* using session charset: UTF-8
* using options ‘--no-manual --as-cran’
* checking for file ‘ctmmweb/DESCRIPTION’ ... OK
* checking extension type ... Package
* this is package ‘ctmmweb’ version ‘0.2.10’
* package encoding: UTF-8
* checking package namespace information ... OK
* checking package dependencies ... OK
* checking if this is a source package ... OK
* checking if there is a namespace ... OK
* checking for executable files ... OK
* checking for hidden files and directories ... OK
* checking for portable file names ... OK
* checking for sufficient/correct file permissions ... OK
* checking serialization versions ... OK
* checking whether package ‘ctmmweb’ can be installed ... OK
* checking installed package size ... NOTE
  installed size is  5.0Mb
  sub-directories of 1Mb or more:
    doc   4.1Mb
* checking package directory ... OK
* checking for future file timestamps ... OK
* checking ‘build’ directory ... OK
* checking DESCRIPTION meta-information ... OK
* checking top-level files ... OK
* checking for left-over files ... OK
* checking index information ... OK
* checking package subdirectories ... OK
* checking R files for non-ASCII characters ... OK
* checking R files for syntax errors ... OK
* checking whether the package can be loaded ... OK
* checking whether the package can be loaded with stated dependencies ... OK
* checking whether the package can be unloaded cleanly ... OK
* checking whether the namespace can be loaded with stated dependencies ... OK
* checking whether the namespace can be unloaded cleanly ... OK
* checking loading without being on the library search path ... OK
* checking dependencies in R code ... OK
* checking S3 generic/method consistency ... OK
* checking replacement functions ... OK
* checking foreign function calls ... OK
* checking R code for possible problems ... OK
* checking Rd files ... OK
* checking Rd metadata ... OK
* checking Rd line widths ... OK
* checking Rd cross-references ... OK
* checking for missing documentation entries ... OK
* checking for code/documentation mismatches ... OK
* checking Rd \usage sections ... OK
* checking Rd contents ... OK
* checking for unstated dependencies in examples ... OK
* checking installed files from ‘inst/doc’ ... OK
* checking files in ‘vignettes’ ... OK
* checking examples ... OK
* checking for unstated dependencies in vignettes ... OK
* checking package vignettes in ‘inst/doc’ ... OK
* checking re-building of vignette outputs ... WARNING
Error(s) in re-building vignettes:
  ...
--- re-building ‘demo.Rmd’ using rmarkdown
--- finished re-building ‘demo.Rmd’

--- re-building ‘installation.Rmd’ using rmarkdown
--- finished re-building ‘installation.Rmd’

--- re-building ‘package_usage.Rmd’ using rmarkdown
Quitting from lines 178-182 (package_usage.Rmd) 
Error: processing vignette 'package_usage.Rmd' failed with diagnostics:
All items in j=list(...) should be atomic vectors or lists. If you are trying something like j=list(.SD,newcol=mean(colA)) then use := by group instead (much quicker), or cbind or merge afterwards.
--- failed re-building ‘package_usage.Rmd’

SUMMARY: processing the following file failed:
  ‘package_usage.Rmd’

Error: Vignette re-building failed.
Execution halted

* DONE
Status: 1 WARNING, 1 NOTE
