* using log directory ‘/tmp/RtmpAoUN5D/kftrack.Rcheck’
* using R version 4.0.4 (2021-02-15)
* using platform: x86_64-pc-linux-gnu (64-bit)
* using session charset: UTF-8
* using options ‘--no-manual --as-cran’
* checking for file ‘kftrack/DESCRIPTION’ ... OK
* this is package ‘kftrack’ version ‘0.70’
* checking package namespace information ... OK
* checking package dependencies ... OK
* checking if this is a source package ... OK
* checking if there is a namespace ... OK
* checking for executable files ... OK
* checking for hidden files and directories ... OK
* checking for portable file names ... OK
* checking for sufficient/correct file permissions ... OK
* checking serialization versions ... OK
* checking whether package ‘kftrack’ can be installed ... OK
* checking installed package size ... OK
* checking package directory ... OK
* checking for future file timestamps ... OK
* checking DESCRIPTION meta-information ... NOTE
Malformed Description field: should contain one or more complete sentences.
Deprecated license: BSD
* checking top-level files ... NOTE
Non-standard file/directory found at top level:
  ‘doc’
* checking for left-over files ... OK
* checking index information ... OK
* checking package subdirectories ... OK
* checking R files for non-ASCII characters ... OK
* checking R files for syntax errors ... OK
* checking whether the package can be loaded ... OK
* checking whether the package can be loaded with stated dependencies ... OK
* checking whether the package can be unloaded cleanly ... OK
* checking whether the namespace can be loaded with stated dependencies ... OK
* checking whether the namespace can be unloaded cleanly ... OK
* checking loading without being on the library search path ... OK
* checking dependencies in R code ... WARNING
'library' or 'require' call not declared from: ‘date’
'library' or 'require' call to ‘date’ in package code.
  Please use :: or requireNamespace() instead.
  See section 'Suggested packages' in the 'Writing R Extensions' manual.
* checking S3 generic/method consistency ... NOTE
Found the following apparent S3 methods exported but not registered:
  plot.kftrack plot.kftrack.scan print.kfhead print.kftrack
See section ‘Registering S3 methods’ in the ‘Writing R Extensions’
manual.
* checking replacement functions ... OK
* checking foreign function calls ... OK
* checking R code for possible problems ... WARNING
Found an obsolete/platform-specific call in the following functions:
  ‘.init.scan’ ‘kftrack’
Found the defunct/removed function:
  ‘.path.package’

In addition to the above warning(s), found the following notes:

NB: .First.lib is obsolete and will not be used in R >= 3.0.0
File ‘kftrack/R/kftrack.R’:
  .First.lib calls:
    library(date)

Package startup functions should not change the search path.
See section ‘Good practice’ in '?.onAttach'.

.add.fit.to.server.list: no visible binding for global variable
  ‘.tagListFile’
.CI.reg: no visible global function definition for ‘par’
.CI.reg: no visible global function definition for ‘qchisq’
.CI.reg: no visible global function definition for ‘polygon’
.First.lib: no visible binding for global variable ‘.serverGlobalWD’
.First.lib: no visible binding for global variable ‘.tagListFile’
.First.lib: no visible binding for global variable ‘.tagList’
.generate.dat.file: no visible global function definition for
  ‘write.table’
.generate.twoseg.dat.file: no visible global function definition for
  ‘write.table’
.getCI: no visible global function definition for ‘qchisq’
.init.scan: no visible global function definition for ‘mdy.date’
.init.scan: no visible global function definition for ‘.path.package’
.init.scan: no visible binding for global variable ‘admb.string’
.make.flags: no visible binding for global variable ‘theta.active’
.make.flags: no visible binding for global variable ‘var.struct’
.make.flags: no visible binding for global variable ‘fix.last’
.middate: no visible global function definition for ‘mdy.date’
.plot1: no visible global function definition for ‘gray’
.plot1: no visible global function definition for ‘lines’
.plot2: no visible global function definition for ‘gray’
.plot2: no visible global function definition for ‘lines’
.plot3 : gmt: no visible binding for '<<-' assignment to ‘cmd’
.plot3 : gmt: no visible binding for global variable ‘cmd’
.plot3: no visible global function definition for ‘par’
.plot3: no visible global function definition for ‘rect’
.plot3: no visible global function definition for ‘polygon’
.plot3: no visible global function definition for ‘gray’
.plot3: no visible global function definition for ‘lines’
.read.output: no visible global function definition for ‘read.table’
.read.twoseg.output: no visible global function definition for
  ‘read.table’
.read.twoseg.output: no visible binding for global variable ‘ox’
.read.twoseg.output: no visible binding for global variable ‘oy’
.read.twoseg.output: no visible binding for global variable ‘px’
.read.twoseg.output: no visible binding for global variable ‘py’
.read.twoseg.output: no visible binding for global variable ‘smoothX’
.read.twoseg.output: no visible binding for global variable ‘smoothY’
.read.twoseg.output: no visible binding for global variable ‘dt’
addcoast: no visible global function definition for ‘par’
addcoast: no visible global function definition for ‘lines’
addmap: no visible global function definition for ‘par’
addmap: no visible global function definition for ‘layout’
addmap: no visible global function definition for ‘mdy.date’
addmap: no visible global function definition for ‘axis’
addmap: no visible global function definition for ‘box’
addmap: no visible global function definition for ‘mtext’
addmap: no visible global function definition for ‘title’
kftrack: no visible global function definition for ‘.path.package’
plot.kftrack: no visible global function definition for ‘par’
plot.kftrack: no visible global function definition for ‘layout’
plot.kftrack: no visible global function definition for ‘mdy.date’
plot.kftrack: no visible global function definition for ‘axis’
plot.kftrack: no visible global function definition for ‘box’
plot.kftrack: no visible global function definition for ‘mtext’
plot.kftrack: no visible global function definition for ‘title’
plot.kftrack.scan: no visible global function definition for ‘par’
plot.kftrack.scan: no visible global function definition for ‘layout’
plot.kftrack.scan: no visible binding for global variable ‘fix.first’
plot.kftrack.scan: no visible binding for global variable ‘nobs’
plot.kftrack.scan: no visible binding for global variable ‘fix.last’
plot.kftrack.scan: no visible binding for global variable
  ‘nominal.track’
plot.kftrack.scan: no visible binding for global variable ‘pred.track’
plot.kftrack.scan: no visible binding for global variable
  ‘most.prob.track’
plot.kftrack.scan: no visible binding for global variable
  ‘days.at.liberty’
plot.kftrack.scan: no visible global function definition for ‘gray’
plot.kftrack.scan: no visible global function definition for ‘points’
plot.kftrack.scan: no visible global function definition for ‘lines’
plot.kftrack.scan: no visible global function definition for ‘abline’
plot.kftrack.scan: no visible binding for global variable ‘estimates’
plot.kftrack.scan: no visible global function definition for ‘mdy.date’
plot.kftrack.scan: no visible global function definition for ‘axis’
plot.kftrack.scan: no visible global function definition for ‘box’
plot.kftrack.scan: no visible global function definition for ‘mtext’
plot.kftrack.scan: no visible binding for global variable
  ‘one.seg.nlogL’
plot.kftrack.scan: no visible global function definition for ‘qchisq’
plot.kftrack.scan: no visible binding for global variable ‘npar’
plot.kftrack.scan: no visible binding for global variable
  ‘one.seg.npar’
plot.kftrack.scan: no visible binding for global variable ‘nlogL’
plot.kftrack.scan: no visible global function definition for ‘title’
upload.track: no visible global function definition for ‘browseURL’
Undefined global functions or variables:
  .path.package .serverGlobalWD .tagList .tagListFile abline
  admb.string axis box browseURL cmd days.at.liberty dt estimates
  fix.first fix.last gray layout lines mdy.date most.prob.track mtext
  nlogL nobs nominal.track npar one.seg.nlogL one.seg.npar ox oy par
  points polygon pred.track px py qchisq read.table rect smoothX
  smoothY theta.active title var.struct write.table
Consider adding
  importFrom("graphics", "abline", "axis", "box", "layout", "lines",
             "mtext", "par", "points", "polygon", "rect", "title")
  importFrom("grDevices", "gray")
  importFrom("stats", "dt", "nobs", "qchisq")
  importFrom("utils", "browseURL", "read.table", "write.table")
to your NAMESPACE file.

Found the following calls to attach():
File ‘kftrack/R/kftrack.R’:
  attach(tmp)
  attach(x)
  attach(f)
See section ‘Good practice’ in ‘?attach’.
* checking Rd files ... WARNING
man/kftrack.Rd: non-ASCII input and no declared encoding
problem found in ‘kftrack.Rd’
* checking Rd metadata ... OK
* checking Rd line widths ... NOTE
Rd file 'write.html.Rd':
  \usage lines wider than 90 characters:
     write.html(fitlist, description = rep("", length(fitlist)), file = "track.html", npoints = 20, level = 0.95, key = "none")

These lines will be truncated in the PDF manual.
* checking Rd cross-references ... OK
* checking for missing documentation entries ... OK
* checking for code/documentation mismatches ... OK
* checking Rd \usage sections ... NOTE
S3 methods shown with full name in documentation object 'plot.kftrack':
  ‘plot.kftrack’

S3 methods shown with full name in documentation object 'plot.kftrack.scan':
  ‘plot.kftrack.scan’

S3 methods shown with full name in documentation object 'print.kfhead':
  ‘print.kfhead’

S3 methods shown with full name in documentation object 'print.kftrack':
  ‘print.kftrack’

The \usage entries for S3 methods should use the \method markup and not
their full name.
See chapter ‘Writing R documentation files’ in the ‘Writing R
Extensions’ manual.
* checking Rd contents ... OK
* checking for unstated dependencies in examples ... OK
* checking contents of ‘data’ directory ... OK
* checking data for non-ASCII characters ... OK
* checking data for ASCII and uncompressed saves ... OK
* checking line endings in Makefiles ... OK
* checking for GNU extensions in Makefiles ... OK
* checking include directives in Makefiles ... OK
* checking examples ... ERROR
Running examples in ‘kftrack-Ex.R’ failed
The error most likely occurred in:

> base::assign(".ptime", proc.time(), pos = "CheckExEnv")
> ### Name: addcoast
> ### Title: Adds coastline to plotted track
> ### Aliases: addcoast
> ### Keywords: programming
> 
> ### ** Examples
> 
>   data(big.241)
>   fit<-kftrack(big.241, fix.last=FALSE)
Error in .path.package("kftrack") : 
  could not find function ".path.package"
Calls: kftrack -> dir -> paste
Execution halted
* checking for non-standard things in the check directory ... NOTE
Found the following files/directories:
  ‘_kftrack_temp_’
* checking for detritus in the temp directory ... OK
* DONE
Status: 1 ERROR, 3 WARNINGs, 6 NOTEs
