* using log directory ‘/tmp/Rtmpr5qHpr/lsmnsd.Rcheck’
* using R version 3.6.1 (2019-07-05)
* using platform: x86_64-pc-linux-gnu (64-bit)
* using session charset: UTF-8
* using options ‘--no-manual --as-cran’
* checking for file ‘lsmnsd/DESCRIPTION’ ... OK
* this is package ‘lsmnsd’ version ‘0.0.0.9000’
* checking package namespace information ... OK
* checking package dependencies ... OK
* checking if this is a source package ... OK
* checking if there is a namespace ... OK
* checking for executable files ... OK
* checking for hidden files and directories ... OK
* checking for portable file names ... OK
* checking for sufficient/correct file permissions ... OK
* checking serialization versions ... OK
* checking whether package ‘lsmnsd’ can be installed ... OK
* checking installed package size ... NOTE
  installed size is 90.9Mb
  sub-directories of 1Mb or more:
    data  90.7Mb
* checking package directory ... OK
* checking for future file timestamps ... NOTE
unable to verify current time
* checking DESCRIPTION meta-information ... NOTE
Malformed Description field: should contain one or more complete sentences.
* checking top-level files ... NOTE
Non-standard file/directory found at top level:
  ‘lsmnsd.pdf’
* checking for left-over files ... OK
* checking index information ... OK
* checking package subdirectories ... OK
* checking R files for non-ASCII characters ... OK
* checking R files for syntax errors ... OK
* checking whether the package can be loaded ... OK
* checking whether the package can be loaded with stated dependencies ...Error: package or namespace load failed for ‘lsmnsd’:
 object 'time' not found whilst loading namespace 'lsmnsd'
Execution halted

It looks like this package (or one of its dependent packages) has an
unstated dependence on a standard package.  All dependencies must be
declared in DESCRIPTION.
See section ‘The DESCRIPTION file’ in the ‘Writing R Extensions’
manual.
* checking whether the package can be unloaded cleanly ... WARNING
Error: package or namespace load failed for ‘lsmnsd’:
 object 'time' not found whilst loading namespace 'lsmnsd'
Execution halted
* checking whether the namespace can be loaded with stated dependencies ... WARNING
Error: object 'time' not found whilst loading namespace 'lsmnsd'
Execution halted

A namespace must be able to be loaded with just the base namespace
loaded: otherwise if the namespace gets loaded by a saved object, the
session will be unable to start.

Probably some imports need to be declared in the NAMESPACE file.
* checking whether the namespace can be unloaded cleanly ... OK
* checking loading without being on the library search path ... OK
* checking dependencies in R code ... NOTE
Error: package or namespace load failed for ‘lsmnsd’:
 object 'time' not found whilst loading namespace 'lsmnsd'
Call sequence:
6: stop(msg, call. = FALSE, domain = NA)
5: value[[3L]](cond)
4: tryCatchOne(expr, names, parentenv, handlers[[1L]])
3: tryCatchList(expr, classes, parentenv, handlers)
2: tryCatch({
       attr(package, "LibPath") <- which.lib.loc
       ns <- loadNamespace(package, lib.loc)
       env <- attachNamespace(ns, pos = pos, deps, exclude, include.only)
   }, error = function(e) {
       P <- if (!is.null(cc <- conditionCall(e))) 
           paste(" in", deparse(cc)[1L])
       else ""
       msg <- gettextf("package or namespace load failed for %s%s:\n %s", 
           sQuote(package), P, conditionMessage(e))
       if (logical.return) 
           message(paste("Error:", msg), domain = NA)
       else stop(msg, call. = FALSE, domain = NA)
   })
1: library(package, lib.loc = lib.loc, character.only = TRUE, verbose = FALSE)
Execution halted
* checking S3 generic/method consistency ... WARNING
print:
  function(x, ...)
print.mov.clust:
  function(object)

summary:
  function(object, ...)
summary.boot.clust:
  function(object)

summary:
  function(object, ...)
summary.clust.classify:
  function(object)

summary:
  function(object, ...)
summary.mov.clust:
  function(object)

t:
  function(x)
t.plot:
  function(out)

plot:
  function(x, ...)
plot.boot.clust:
  function(object)

plot:
  function(x, ...)
plot.mov.clust:
  function(object)

time:
  function(x, ...)
time.spent:
  function(object)

See section ‘Generic functions and methods’ in the ‘Writing R
Extensions’ manual.
* checking replacement functions ... OK
* checking foreign function calls ... OK
* checking R code for possible problems ... NOTE
Error: object 'time' not found whilst loading namespace 'lsmnsd'
Execution halted
* checking Rd files ... OK
* checking Rd metadata ... OK
* checking Rd line widths ... NOTE
Rd file 'bootNSD.Rd':
  \examples lines wider than 100 characters:
     boot1<-bootNSD(Christian$x[1:300], Christian$y[1:300], Christian$Time[1:300], interval=20, by=5, n.iter=10000) 

These lines will be truncated in the PDF manual.
* checking Rd cross-references ... OK
* checking for missing documentation entries ... OK
* checking for code/documentation mismatches ... OK
* checking Rd \usage sections ... WARNING
Undocumented arguments in documentation object 'bootNSD'
  ‘y’ ‘day’ ‘...’

Undocumented arguments in documentation object 'classify'
  ‘...’

Undocumented arguments in documentation object 'clustNSD'
  ‘...’

Functions with \usage entries need to have the appropriate \alias
entries, and all their arguments documented.
The \usage entries must correspond to syntactically valid R code.
See chapter ‘Writing R documentation files’ in the ‘Writing R
Extensions’ manual.
* checking Rd contents ... OK
* checking for unstated dependencies in examples ... OK
* checking contents of ‘data’ directory ... OK
* checking data for non-ASCII characters ... OK
* checking data for ASCII and uncompressed saves ... OK
* checking examples ... ERROR
Running examples in ‘lsmnsd-Ex.R’ failed
The error most likely occurred in:

> base::assign(".ptime", proc.time(), pos = "CheckExEnv")
> ### Name: clustNSD
> ### Title: Latent-state model of NSD
> ### Aliases: clustNSD
> ### Keywords: clustNSD mov.clust
> 
> ### ** Examples
> 
> data(Christian)
> nsd1<-NSD_fct(Christian$x, Christian$y)
> Christian_rjags<-clustNSD(cbind(range01(nsd1), Christian$Time), n.iter=10000, WAIC=T, simplify=F)
Loading required package: R2jags
Loading required package: rjags
Loading required package: coda
Linked to JAGS 4.3.0
Loaded modules: basemod,bugs,dic,glm

Attaching package: ‘R2jags’

The following object is masked from ‘package:coda’:

    traceplot

[1] "R2jags is loaded correctly"
Error in clustNSD(cbind(range01(nsd1), Christian$Time), n.iter = 10000,  : 
  T used instead of TRUE
Execution halted
* DONE
Status: 1 ERROR, 4 WARNINGs, 7 NOTEs
