* using log directory ‘/tmp/Rtmpr5qHpr/migrateR.Rcheck’
* using R version 3.6.1 (2019-07-05)
* using platform: x86_64-pc-linux-gnu (64-bit)
* using session charset: UTF-8
* using options ‘--no-manual --as-cran’
* checking for file ‘migrateR/DESCRIPTION’ ... OK
* checking extension type ... Package
* this is package ‘migrateR’ version ‘1.0.9’
* checking package namespace information ... OK
* checking package dependencies ... OK
* checking if this is a source package ... OK
* checking if there is a namespace ... OK
* checking for executable files ... OK
* checking for hidden files and directories ... OK
* checking for portable file names ... OK
* checking for sufficient/correct file permissions ... OK
* checking serialization versions ... OK
* checking whether package ‘migrateR’ can be installed ... OK
* checking installed package size ... OK
* checking package directory ... OK
* checking for future file timestamps ... OK
* checking ‘build’ directory ... OK
* checking DESCRIPTION meta-information ... NOTE
Malformed Description field: should contain one or more complete sentences.
Packages listed in more than one of Depends, Imports, Suggests, Enhances:
  ‘adehabitatLT’ ‘car’
A package should be listed in only one of these fields.
* checking top-level files ... OK
* checking for left-over files ... OK
* checking index information ... OK
* checking package subdirectories ... OK
* checking R files for non-ASCII characters ... OK
* checking R files for syntax errors ... OK
* checking whether the package can be loaded ... OK
* checking whether the package can be loaded with stated dependencies ... OK
* checking whether the package can be unloaded cleanly ... OK
* checking whether the namespace can be loaded with stated dependencies ... OK
* checking whether the namespace can be unloaded cleanly ... OK
* checking loading without being on the library search path ... OK
* checking dependencies in R code ... NOTE
Packages in Depends field not imported from:
  ‘adehabitatLT’ ‘car’
  These packages need to be imported from (in the NAMESPACE file)
  for when this namespace is loaded but not attached.
package 'methods' is used but not declared
* checking S3 generic/method consistency ... WARNING
summary:
  function(object, ...)
summary.mvmt:
  function(x, ...)

summary:
  function(object, ...)
summary.mvmts:
  function(x, ...)

plot:
  function(x, ...)
plot.mvmt:
  function(mvmt, new, omit, ranked, xlim, ...)

plot:
  function(x, ...)
plot.mvmts:
  function(mvmts, new, omit, ranked, ...)

str:
  function(object, ...)
str.mvmt:
  function(x, ...)

str:
  function(object, ...)
str.mvmts:
  function(x, ...)

See section ‘Generic functions and methods’ in the ‘Writing R
Extensions’ manual.

Found the following apparent S3 methods exported but not registered:
  plot.mvmt plot.mvmts print.mvmts str.mvmt str.mvmts summary.mvmt
  summary.mvmts
See section ‘Registering S3 methods’ in the ‘Writing R Extensions’
manual.
* checking replacement functions ... OK
* checking foreign function calls ... OK
* checking R code for possible problems ... NOTE
findrloc : <anonymous>: warning in difftime(z[[1]]$date, d2, un = "d"):
  partial argument match of 'un' to 'units'
findrloc : <anonymous>: warning in difftime(z[[1]]$date, d1, un = "d"):
  partial argument match of 'un' to 'units'
.fillmvmt : <anonymous>: no visible global function definition for
  ‘new’
.fillmvmt : <anonymous>: no visible global function definition for
  ‘std’
.fillpest : <anonymous>: no visible global function definition for
  ‘coef’
.fillpest : <anonymous>: no visible global function definition for ‘lm’
.mvmt.elev : <anonymous>: no visible global function definition for
  ‘nls.control’
.mvmt.elev : <anonymous>: no visible global function definition for
  ‘glm’
.mvmt.elev : <anonymous>: no visible global function definition for
  ‘nls’
.mvmt.elev : <anonymous>: no visible binding for global variable ‘AIC’
.mvmt.elev : <anonymous>: no visible global function definition for
  ‘coef’
.mvmt.nsd : <anonymous>: no visible global function definition for
  ‘nls.control’
.mvmt.nsd : <anonymous>: no visible global function definition for
  ‘nls’
.mvmt.nsd : <anonymous>: no visible global function definition for
  ‘glm’
delta2 : <anonymous>: no visible global function definition for ‘coef’
delta2 : <anonymous>: no visible global function definition for ‘vcov’
findrloc: no visible global function definition for ‘burst’
findrloc : <anonymous> : <anonymous>: no visible global function
  definition for ‘AIC’
findrloc : <anonymous>: no visible global function definition for
  ‘plot’
findrloc : <anonymous>: no visible global function definition for
  ‘burst’
findrloc : <anonymous>: no visible global function definition for
  ‘write.table’
mvmt2df : <anonymous>: no visible binding for global variable ‘coef’
mvmt2dt : <anonymous>: no visible global function definition for ‘coef’
mvmtAxis: no visible global function definition for ‘axis’
mvmtClass: no visible global function definition for ‘infolocs’
mvmtClass: no visible global function definition for ‘burst’
plot.mvmt: no visible global function definition for ‘dev.new’
plot.mvmt: no visible global function definition for ‘par’
plot.mvmt: no visible global function definition for ‘na.omit’
plot.mvmt: no visible global function definition for ‘plot’
plot.mvmt: no visible global function definition for ‘points’
plot.mvmt: no visible binding for global variable ‘fitted’
plot.mvmt: no visible global function definition for ‘matplot’
plot.mvmt: no visible binding for global variable ‘AIC’
plot.mvmt: no visible global function definition for ‘legend’
plot.mvmts : <anonymous>: no visible global function definition for
  ‘plot’
refine : <anonymous> : tryAIC: no visible global function definition
  for ‘AIC’
spatmig : <anonymous>: no visible global function definition for ‘coef’
spatmig : <anonymous>: no visible global function definition for
  ‘dev.new’
spatmig : <anonymous>: no visible global function definition for ‘par’
spatmig : <anonymous>: no visible global function definition for ‘plot’
spatmig : <anonymous>: no visible global function definition for
  ‘points’
spatmig : <anonymous>: no visible global function definition for
  ‘legend’
str.mvmt: no visible global function definition for ‘AIC’
str.mvmt: no visible global function definition for ‘head’
str.mvmts: no visible global function definition for ‘str’
theta2 : <anonymous>: no visible global function definition for ‘coef’
theta2 : <anonymous>: no visible global function definition for ‘vcov’
topmvmt: no visible global function definition for ‘new’
topmvmt : <anonymous>: no visible binding for global variable ‘AIC’
topmvmt : <anonymous> : <anonymous>: no visible global function
  definition for ‘coef’
topmvmt : <anonymous>: no visible global function definition for ‘coef’
topmvmt : <anonymous> : <anonymous>: no visible global function
  definition for ‘fitted’
Undefined global functions or variables:
  AIC axis burst coef dev.new fitted glm head infolocs legend lm
  matplot na.omit new nls nls.control par plot points std str vcov
  write.table
Consider adding
  importFrom("grDevices", "dev.new")
  importFrom("graphics", "axis", "legend", "matplot", "par", "plot",
             "points")
  importFrom("methods", "new")
  importFrom("stats", "AIC", "coef", "fitted", "glm", "lm", "na.omit",
             "nls", "nls.control", "vcov")
  importFrom("utils", "head", "str", "write.table")
to your NAMESPACE file (and ensure that your DESCRIPTION Imports field
contains 'methods').
* checking Rd files ... WARNING
man/topmvmt.Rd: non-ASCII input and no declared encoding
problem found in ‘topmvmt.Rd’
* checking Rd metadata ... OK
* checking Rd line widths ... NOTE
Rd file 'mvmtClass.Rd':
  \usage lines wider than 90 characters:
     mvmtClass(ltraj, fam = "nsd", p.est = pEst(), stdt = NA, scut = NA, ecut = NA, rloc = 1, warnOnly = F)

Rd file 'pEst.Rd':
  \usage lines wider than 90 characters:
          s.g = NA,  s.t = 90,  s.p = 7,  s.d = NA, s.r = 90,  s.p2 = 7,      s.z = NA, s.k = NA,
              u.g = NA,      u.t = 364, u.p = 21, u.d = NA, u.r = 364, u.p2 = 21, u.z = NA, u.k = NA)

These lines will be truncated in the PDF manual.
* checking Rd cross-references ... OK
* checking for missing documentation entries ... WARNING
Undocumented code objects:
  ‘plot.mvmt’ ‘plot.mvmts’ ‘print.mvmts’ ‘str.mvmt’ ‘str.mvmts’
  ‘summary.mvmt’ ‘summary.mvmts’
All user-level objects in a package should have documentation entries.
See chapter ‘Writing R documentation files’ in the ‘Writing R
Extensions’ manual.
* checking for code/documentation mismatches ... WARNING
Codoc mismatches from documentation object 'mvmt2df':
mvmt2df
  Code: function(tmvmt, ...)
  Docs: function(tmvmt)
  Argument names in code not in docs:
    ...

Codoc mismatches from documentation object 'mvmtClass':
mvmtClass
  Code: function(ltraj, fam = "nsd", p.est = pEst(), stdt = NA, scut =
                 NA, ecut = NA, rloc = NA, warnOnly = F)
  Docs: function(ltraj, fam = "nsd", p.est = pEst(), stdt = NA, scut =
                 NA, ecut = NA, rloc = 1, warnOnly = F)
  Mismatches in argument default values:
    Name: 'rloc' Code: NA Docs: 1

Codoc mismatches from documentation object 'pEst':
pEst
  Code: function(l.g = NA, l.t = 1, l.p = 1, l.d = NA, l.r = 1, l.p2 =
                 1, l.z = 0.05, l.k = -1, s.g = NA, s.t = 90, s.p = 7,
                 s.d = NA, s.r = 90, s.p2 = 7, s.z = 0.5, s.k = -0.5,
                 u.g = NA, u.t = 364, u.p = 21, u.d = NA, u.r = 364,
                 u.p2 = 21, u.z = 0.95, u.k = -0.01)
  Docs: function(l.g = NA, l.t = 1, l.p = 1, l.d = NA, l.r = 1, l.p2 =
                 1, l.z = NA, l.k = NA, s.g = NA, s.t = 90, s.p = 7,
                 s.d = NA, s.r = 90, s.p2 = 7, s.z = NA, s.k = NA, u.g
                 = NA, u.t = 364, u.p = 21, u.d = NA, u.r = 364, u.p2 =
                 21, u.z = NA, u.k = NA)
  Mismatches in argument default values (first 3):
    Name: 'l.z' Code: 0.05 Docs: NA
    Name: 'l.k' Code: -1 Docs: NA
    Name: 's.z' Code: 0.5 Docs: NA

Codoc mismatches from documentation object 'spatmig':
spatmig
  Code: function(ltraj, mvmt, mod = "migrant", graph = T, new = F)
  Docs: function(ltraj, mvmt, mod = "migant", graph = F, new = F)
  Mismatches in argument default values:
    Name: 'mod' Code: "migrant" Docs: "migant"
    Name: 'graph' Code: T Docs: F

Codoc mismatches from documentation object 'topmvmt':
topmvmt
  Code: function(mvmt, omit = NA, a.rule = T, mdelta = NA, mrho = NA,
                 mdifdelta = NA, mnr = NA)
  Docs: function(mvmt, omit = NA, a.rule = T, mdelta = NA, mrho = NA)
  Argument names in code not in docs:
    mdifdelta mnr

* checking Rd \usage sections ... WARNING
Bad \usage lines found in documentation object 'findrloc':
  findrloc(ltraj, max.rloc = 15, verbose = F, graph = F ...)

Functions with \usage entries need to have the appropriate \alias
entries, and all their arguments documented.
The \usage entries must correspond to syntactically valid R code.
See chapter ‘Writing R documentation files’ in the ‘Writing R
Extensions’ manual.
* checking Rd contents ... OK
* checking for unstated dependencies in examples ... OK
* checking contents of ‘data’ directory ... OK
* checking data for non-ASCII characters ... OK
* checking data for ASCII and uncompressed saves ... OK
* checking installed files from ‘inst/doc’ ... OK
* checking files in ‘vignettes’ ... OK
* checking examples ... ERROR
Running examples in ‘migrateR-Ex.R’ failed
The error most likely occurred in:

> base::assign(".ptime", proc.time(), pos = "CheckExEnv")
> ### Name: findrloc
> ### Title: Find Best Supported Reference Location
> ### Aliases: findrloc
> 
> ### ** Examples
> 
> 
> # Select Single Trajectory (to reduce runtime)
> data(elk)
> YL15 <- elk[id(elk)=="YL15"]
> 
> # Set startdate and starting parameter estimates/constraints
> stdt <-  "3-1"
> p.est <- pEst(s.d=100)
> max.rloc <- "3-10"
> 
> # Fit rNSD Model
> YL15.rloc <- findrloc(YL15, stdt=stdt,p.est=p.est,verbose=T)
Finding best supported rNSD for 1 trajectories. This may take a moment.
Error in FUN(X[[i]], ...) : T used instead of TRUE
Calls: findrloc -> lapply -> FUN
Execution halted
* checking for unstated dependencies in vignettes ... OK
* checking package vignettes in ‘inst/doc’ ... OK
* checking re-building of vignette outputs ... OK
* DONE
Status: 1 ERROR, 5 WARNINGs, 4 NOTEs
