* using log directory ‘/tmp/Rtmpr5qHpr/pathtrackr.Rcheck’
* using R version 3.6.1 (2019-07-05)
* using platform: x86_64-pc-linux-gnu (64-bit)
* using session charset: UTF-8
* using options ‘--no-manual --as-cran’
* checking for file ‘pathtrackr/DESCRIPTION’ ... OK
* checking extension type ... Package
* this is package ‘pathtrackr’ version ‘1.2.3’
* checking package namespace information ... OK
* checking package dependencies ... OK
* checking if this is a source package ... OK
* checking if there is a namespace ... OK
* checking for executable files ... OK
* checking for hidden files and directories ... OK
* checking for portable file names ... OK
* checking for sufficient/correct file permissions ... OK
* checking serialization versions ... OK
* checking whether package ‘pathtrackr’ can be installed ... OK
* checking installed package size ... NOTE
  installed size is  9.8Mb
  sub-directories of 1Mb or more:
    doc   9.6Mb
* checking package directory ... OK
* checking for future file timestamps ... OK
* checking ‘build’ directory ... OK
* checking DESCRIPTION meta-information ... OK
* checking top-level files ... NOTE
Non-standard file/directory found at top level:
  ‘_config.yml’
* checking for left-over files ... OK
* checking index information ... OK
* checking package subdirectories ... OK
* checking R files for non-ASCII characters ... OK
* checking R files for syntax errors ... OK
* checking whether the package can be loaded ... OK
* checking whether the package can be loaded with stated dependencies ... OK
* checking whether the package can be unloaded cleanly ... OK
* checking whether the namespace can be loaded with stated dependencies ... OK
* checking whether the namespace can be unloaded cleanly ... OK
* checking loading without being on the library search path ... OK
* checking dependencies in R code ... WARNING
'library' or 'require' call not declared from: ‘raster’
'library' or 'require' call to ‘raster’ in package code.
  Please use :: or requireNamespace() instead.
  See section 'Suggested packages' in the 'Writing R Extensions' manual.
* checking S3 generic/method consistency ... OK
* checking replacement functions ... OK
* checking foreign function calls ... OK
* checking R code for possible problems ... NOTE
countCells: no visible global function definition for ‘flush.console’
diagnosticPDF: no visible global function definition for
  ‘flush.console’
diagnosticPDF: no visible global function definition for ‘plot’
diagnosticPDF: no visible global function definition for ‘gray.colors’
diagnosticPDF: no visible binding for global variable ‘median’
diagnosticPDF: no visible global function definition for
  ‘txtProgressBar’
diagnosticPDF: no visible global function definition for ‘pdf’
diagnosticPDF: no visible global function definition for ‘par’
diagnosticPDF: no visible global function definition for ‘rasterImage’
diagnosticPDF: no visible global function definition for ‘as.raster’
diagnosticPDF: no visible global function definition for ‘rect’
diagnosticPDF: no visible global function definition for ‘points’
diagnosticPDF: no visible global function definition for ‘tail’
diagnosticPDF: no visible global function definition for ‘na.omit’
diagnosticPDF: no visible global function definition for ‘segments’
diagnosticPDF: no visible global function definition for
  ‘setTxtProgressBar’
diagnosticPDF: no visible global function definition for ‘dev.off’
ellPar: no visible global function definition for ‘predict’
makeVideo: no visible global function definition for ‘flush.console’
makeVideo: no visible global function definition for ‘plot’
makeVideo: no visible global function definition for ‘gray.colors’
makeVideo: no visible binding for global variable ‘median’
makeVideo: no visible global function definition for ‘txtProgressBar’
makeVideo: no visible global function definition for ‘jpeg’
makeVideo: no visible global function definition for ‘par’
makeVideo: no visible global function definition for ‘rasterImage’
makeVideo: no visible global function definition for ‘as.raster’
makeVideo: no visible global function definition for ‘rect’
makeVideo: no visible global function definition for ‘points’
makeVideo: no visible global function definition for ‘tail’
makeVideo: no visible global function definition for ‘na.omit’
makeVideo: no visible global function definition for ‘segments’
makeVideo: no visible global function definition for ‘dev.off’
makeVideo: no visible global function definition for
  ‘setTxtProgressBar’
manualPath: no visible global function definition for ‘flush.console’
manualPath: no visible global function definition for ‘plot’
manualPath: no visible global function definition for ‘gray.colors’
manualPath: no visible global function definition for ‘par’
manualPath: no visible global function definition for ‘mtext’
manualPath: no visible global function definition for ‘locator’
plotPath: no visible binding for global variable ‘xpos’
plotPath: no visible binding for global variable ‘ypos’
plotPath: no visible binding for global variable ‘..density..’
plotSummary: no visible binding for global variable ‘time’
plotSummary: no visible binding for global variable ‘velocity’
plotSummary: no visible binding for global variable ‘distance’
plotSummary: no visible binding for global variable ‘abs.angle’
plotSummary: no visible binding for global variable ‘..count..’
plotSummary: no visible binding for global variable ‘rel.angle’
trackPath: no visible global function definition for ‘flush.console’
trackPath: no visible global function definition for ‘plot’
trackPath: no visible global function definition for ‘gray.colors’
trackPath: no visible binding for global variable ‘median’
trackPath: no visible global function definition for ‘txtProgressBar’
trackPath: no visible global function definition for ‘tail’
trackPath: no visible global function definition for ‘na.omit’
trackPath: no visible global function definition for
  ‘setTxtProgressBar’
Undefined global functions or variables:
  ..count.. ..density.. abs.angle as.raster dev.off distance
  flush.console gray.colors jpeg locator median mtext na.omit par pdf
  plot points predict rasterImage rect rel.angle segments
  setTxtProgressBar tail time txtProgressBar velocity xpos ypos
Consider adding
  importFrom("grDevices", "as.raster", "dev.off", "gray.colors", "jpeg",
             "pdf")
  importFrom("graphics", "locator", "mtext", "par", "plot", "points",
             "rasterImage", "rect", "segments")
  importFrom("stats", "median", "na.omit", "predict", "time")
  importFrom("utils", "flush.console", "setTxtProgressBar", "tail",
             "txtProgressBar")
to your NAMESPACE file.
* checking Rd files ... OK
* checking Rd metadata ... OK
* checking Rd line widths ... OK
* checking Rd cross-references ... OK
* checking for missing documentation entries ... OK
* checking for code/documentation mismatches ... OK
* checking Rd \usage sections ... OK
* checking Rd contents ... OK
* checking for unstated dependencies in examples ... OK
* checking installed files from ‘inst/doc’ ... OK
* checking files in ‘vignettes’ ... OK
* checking examples ... NONE
* checking for unstated dependencies in vignettes ... OK
* checking package vignettes in ‘inst/doc’ ... OK
* checking re-building of vignette outputs ... OK
* DONE
Status: 1 WARNING, 3 NOTEs
