* using log directory ‘/tmp/Rtmpr5qHpr/rhr.Rcheck’
* using R version 3.6.1 (2019-07-05)
* using platform: x86_64-pc-linux-gnu (64-bit)
* using session charset: UTF-8
* using options ‘--no-manual --as-cran’
* checking for file ‘rhr/DESCRIPTION’ ... OK
* checking extension type ... Package
* this is package ‘rhr’ version ‘1.2.907’
* checking package namespace information ... OK
* checking package dependencies ... OK
* checking if this is a source package ... OK
* checking if there is a namespace ... OK
* checking for executable files ... OK
* checking for hidden files and directories ... OK
* checking for portable file names ... OK
* checking for sufficient/correct file permissions ... OK
* checking serialization versions ... OK
* checking whether package ‘rhr’ can be installed ... OK
* checking installed package size ... OK
* checking package directory ... OK
* checking for future file timestamps ... OK
* checking DESCRIPTION meta-information ... OK
* checking top-level files ... OK
* checking for left-over files ... OK
* checking index information ... OK
* checking package subdirectories ... OK
* checking R files for non-ASCII characters ... OK
* checking R files for syntax errors ... OK
* checking whether the package can be loaded ... OK
* checking whether the package can be loaded with stated dependencies ... OK
* checking whether the package can be unloaded cleanly ... OK
* checking whether the namespace can be loaded with stated dependencies ... OK
* checking whether the namespace can be unloaded cleanly ... OK
* checking loading without being on the library search path ... OK
* checking dependencies in R code ... WARNING
'::' or ':::' imports not declared from:
  ‘circular’ ‘fitdistrplus’
* checking S3 generic/method consistency ... WARNING
rhrBA:
  function(x, ...)
rhrBA.RhrProbEst:
  function(x, y)

rhrBA:
  function(x, ...)
rhrBA.list:
  function(x)

rhrBBX:
  function(x, f, spatial, ...)
rhrBBX.RhrTracks:
  function(x, spatial, f, ...)

rhrOverlap:
  function(x, ...)
rhrOverlap.RhrGeoEst:
  function(x, y, levels)

rhrOverlap:
  function(x, ...)
rhrOverlap.RhrProbEst:
  function(x, y, levels)

rhrOverlap:
  function(x, ...)
rhrOverlap.list:
  function(x)

summary:
  function(object, ...)
summary.RhrTracksS:
  function(x, ...)

summary:
  function(object, ...)
summary.RhrTracksST:
  function(x, ...)

See section ‘Generic functions and methods’ in the ‘Writing R
Extensions’ manual.
* checking replacement functions ... OK
* checking foreign function calls ... OK
* checking R code for possible problems ... NOTE
.imageplot: no visible global function definition for ‘heat.colors’
.polyimage: no visible global function definition for ‘heat.colors’
.polyimage : drapecolor: no visible global function definition for
  ‘heat.colors’
getEPSG: no visible global function definition for ‘is’
initKmeans: no visible global function definition for ‘kmeans’
initKmeans: no visible binding for global variable ‘sd’
is.regular.RhrTrack: no visible global function definition for ‘is’
plot.RhrHRAsymptote: no visible global function definition for
  ‘complete.cases’
plot.RhrLoCoH: no visible global function definition for
  ‘terrain.colors’
plot.RhrMCP: no visible global function definition for ‘terrain.colors’
plot.RhrTrack: no visible global function definition for ‘points’
plot.RhrTrack: no visible global function definition for ‘legend’
plot.RhrTracks: no visible global function definition for ‘rainbow’
plot.RhrTracks: no visible global function definition for ‘points’
plot.RhrTracks: no visible global function definition for ‘legend’
plotRaster: no visible global function definition for ‘terrain.colors’
rhr2md.RhrTrackS: no visible global function definition for
  ‘capture.output’
rhrAsymptote: no visible global function definition for ‘is’
rhrBBMM: no visible global function definition for ‘as’
rhrBiCirc: no visible global function definition for ‘optim’
rhrCaseControl: no visible binding for global variable ‘obs_lengths’
rhrCaseControl: no visible global function definition for ‘coef’
rhrCaseControl: no visible binding for global variable ‘ne’
rhrCaseControl: no visible global function definition for ‘rgamma’
rhrCoreArea.RhrProbEst: no visible global function definition for ‘is’
rhrExtFromPoints: no visible global function definition for
  ‘extendrange’
rhrHlscv: no visible global function definition for ‘sd’
rhrHpi: no visible global function definition for ‘sd’
rhrHrAnalysis: no visible global function definition for ‘is’
rhrHrAnalysis : savePlots: no visible global function definition for
  ‘png’
rhrHrAnalysis : savePlots: no visible global function definition for
  ‘dev.off’
rhrHrAnalysis : savePlots: no visible global function definition for
  ‘pdf’
rhrHrAnalysis : rhrPAsymptote: no visible global function definition
  for ‘is’
rhrHrAnalysis: no visible global function definition for
  ‘capture.output’
rhrHref: no visible global function definition for ‘sd’
rhrHref: no visible global function definition for ‘var’
rhrHrefScaled: no visible global function definition for ‘is’
rhrHrefScaled: no visible global function definition for ‘slot’
rhrHrefScaled: no visible binding for global variable ‘slot’
rhrInterpolate.RhrTrackST : <anonymous>: no visible global function
  definition for ‘approx’
rhrLoCoH: no visible global function definition for ‘dist’
rhrMapFields: no visible global function definition for ‘is’
rhrMapFields : <anonymous>: no visible global function definition for
  ‘complete.cases’
rhrOU: no visible global function definition for ‘rnorm’
rhrPRW: no visible global function definition for ‘runif’
rhrPoints.RhrTrackST: no visible global function definition for ‘as’
rhrRW: no visible global function definition for ‘rnorm’
rhrReadData: no visible global function definition for ‘read.table’
rhrSchoener: no visible global function definition for ‘complete.cases’
rhrSchoener: no visible global function definition for ‘cov’
rhrSchoener: no visible global function definition for ‘qnorm’
rhrSplit.RhrTrackST : <anonymous>: no visible global function
  definition for ‘as’
rhrSplit.RhrTrackST : <anonymous>: no visible global function
  definition for ‘time’
rhrTTSI: no visible global function definition for ‘complete.cases’
rhrTimes.RhrTrackST: no visible global function definition for ‘time’
rhrTrack: no visible global function definition for ‘is’
rhrTrack: no visible global function definition for ‘as’
rhrTracks: no visible global function definition for ‘is’
rhrUniCirc: no visible global function definition for ‘optim’
rhrUniNorm: no visible global function definition for ‘optim’
rhrWithin.RhrTracks: no visible binding for global variable ‘is’
rhrWithinTime.RhrTracksST: no visible binding for global variable ‘is’
Undefined global functions or variables:
  approx as capture.output coef complete.cases cov dev.off dist
  extendrange heat.colors is kmeans legend ne obs_lengths optim pdf png
  points qnorm rainbow read.table rgamma rnorm runif sd slot
  terrain.colors time var
Consider adding
  importFrom("grDevices", "dev.off", "extendrange", "heat.colors", "pdf",
             "png", "rainbow", "terrain.colors")
  importFrom("graphics", "legend", "points")
  importFrom("methods", "as", "is", "slot")
  importFrom("stats", "approx", "coef", "complete.cases", "cov", "dist",
             "kmeans", "optim", "qnorm", "rgamma", "rnorm", "runif",
             "sd", "time", "var")
  importFrom("utils", "capture.output", "read.table")
to your NAMESPACE file (and ensure that your DESCRIPTION Imports field
contains 'methods').
* checking Rd files ... OK
* checking Rd metadata ... OK
* checking Rd line widths ... OK
* checking Rd cross-references ... OK
* checking for missing documentation entries ... OK
* checking for code/documentation mismatches ... OK
* checking Rd \usage sections ... WARNING
Documented arguments not in \usage in documentation object 'overlaps':
  ‘y’

Functions with \usage entries need to have the appropriate \alias
entries, and all their arguments documented.
The \usage entries must correspond to syntactically valid R code.
See chapter ‘Writing R documentation files’ in the ‘Writing R
Extensions’ manual.
* checking Rd contents ... OK
* checking for unstated dependencies in examples ... OK
* checking contents of ‘data’ directory ... OK
* checking data for non-ASCII characters ... OK
* checking data for ASCII and uncompressed saves ... OK
* checking examples ... ERROR
Running examples in ‘rhr-Ex.R’ failed
The error most likely occurred in:

> base::assign(".ptime", proc.time(), pos = "CheckExEnv")
> ### Name: rhrAIC
> ### Title: Obtain the AIC of a parametric home-range
> ### Aliases: rhrAIC
> 
> ### ** Examples
> 
> # Simulated data
> set.seed(123)
> dat <- data.frame(x = c(rnorm(100), rnorm(100, 20)), 
+ y = c(rnorm(100), rnorm(100, 20)))
> uniCir <- rhrUniCirc(dat)
rhrRasterFromExt: using equal nrow and ncol
> AIC(uniCir)
Error in UseMethod("logLik") : 
  no applicable method for 'logLik' applied to an object of class "c('RhrUniCirc', 'RhrParamEst', 'RhrProbEst', 'RhrEst', 'list')"
Calls: AIC -> AIC.default -> ll
Execution halted
* checking for unstated dependencies in ‘tests’ ... WARNING
'library' or 'require' call not declared from: ‘magrittr’
* checking tests ... ERROR
  Running ‘testthat.R’ [17s/17s]
Running the tests in ‘tests/testthat.R’ failed.
Last 13 lines of output:
  7: `[.RhrTrackS`(x, wp, )
  8: rhrTrack(rhrPoints(x)[i, ])
  9: directions_ll(cc)
  10: atan2(dd[, 2], dd[, 1])
  
  ══ testthat results  ════════════════════════════════════════════════════════════════════════════════
  [ OK: 194 | SKIPPED: 2 | WARNINGS: 34 | FAILED: 5 ]
  1. Error: Dimensions of results are correct (@test-rhrBase.R#16) 
  2. Error: Dimensions of results are correct (@test-rhrBase.R#27) 
  3. Error: Dimensions of results are correct (@test-rhrBase.R#38) 
  4. Error: Dimensions of results are correct (@test-rhrBase.R#51) 
  5. Error: (unknown) (@test-rhrTracks.R#44) 
  
  Error: testthat unit tests failed
  Execution halted
* DONE
Status: 2 ERRORs, 4 WARNINGs, 1 NOTE
